<?xml version="1.0" encoding="UTF-8"?>
<!-- Generated by org.testng.reporters.JUnitXMLReporter -->
<testsuite hostname="MacBook-Pro.local" ignored="4" name="Default test" tests="5" failures="0" timestamp="16 Oct 2020 16:01:38 GMT" time="39.291" errors="0">
  <testcase name="fillOutProgram" time="3.889" classname="com.qa.ispeakbetter.tests.HomePageTest"/>
  <testcase name="fillOutProgram" time="3.834" classname="com.qa.ispeakbetter.tests.HomePageTest"/>
  <testcase name="fillOutProgram" time="3.896" classname="com.qa.ispeakbetter.tests.HomePageTest"/>
  <testcase name="fillOutProgram" time="3.884" classname="com.qa.ispeakbetter.tests.HomePageTest"/>
  <testcase name="fillOutProgram" time="3.91" classname="com.qa.ispeakbetter.tests.HomePageTest"/>
  <testcase name="lgin_InvalidTestCase" time="0.0" classname="com.qa.ispeakbetter.tests.HomePageTest">
    <ignored/>
  </testcase> <!-- lgin_InvalidTestCase -->
  <testcase name="verifyUrl" time="0.0" classname="com.qa.ispeakbetter.tests.HomePageTest">
    <ignored/>
  </testcase> <!-- verifyUrl -->
  <testcase name="verifyHomePageTitle" time="0.0" classname="com.qa.ispeakbetter.tests.HomePageTest">
    <ignored/>
  </testcase> <!-- verifyHomePageTitle -->
  <testcase name="doLogin" time="0.0" classname="com.qa.ispeakbetter.tests.HomePageTest">
    <ignored/>
  </testcase> <!-- doLogin -->
</testsuite> <!-- Default test -->
