<?xml version="1.0" encoding="UTF-8"?>
<!-- Generated by org.testng.reporters.JUnitXMLReporter -->
<testsuite hostname="MacBook-Pro.local" ignored="6" name="Testng Smoke Test" tests="1" failures="0" timestamp="12 Oct 2020 05:34:45 GMT" time="11.157" errors="0">
  <testcase name="verifyRedeemButtonEnabled" time="2.678" classname="com.qa.ispeakbetter.tests.LoginPageTest"/>
  <testcase name="verifyTitle" time="0.0" classname="com.qa.ispeakbetter.tests.LoginPageTest">
    <ignored/>
  </testcase> <!-- verifyTitle -->
  <testcase name="HeaderLinks" time="0.0" classname="com.qa.ispeakbetter.tests.LibraryPageTest">
    <ignored/>
  </testcase> <!-- HeaderLinks -->
  <testcase name="verifyUrl" time="0.0" classname="com.qa.ispeakbetter.tests.HomePageTest">
    <ignored/>
  </testcase> <!-- verifyUrl -->
  <testcase name="verifyHomePageTitle" time="0.0" classname="com.qa.ispeakbetter.tests.HomePageTest">
    <ignored/>
  </testcase> <!-- verifyHomePageTitle -->
  <testcase name="goToLoginPage" time="0.0" classname="com.qa.ispeakbetter.tests.LibraryPageTest">
    <ignored/>
  </testcase> <!-- goToLoginPage -->
  <testcase name="clickToLibraryButton" time="0.0" classname="com.qa.ispeakbetter.tests.LoginPageTest">
    <ignored/>
  </testcase> <!-- clickToLibraryButton -->
</testsuite> <!-- Testng Smoke Test -->
