<?xml version="1.0" encoding="UTF-8"?>
<!-- Generated by org.testng.reporters.JUnitXMLReporter -->
<testsuite hostname="MacBook-Pro.local" ignored="6" name="Ispeak Sanity Test" tests="4" failures="0" timestamp="12 Oct 2020 20:10:04 GMT" time="88.139" errors="0">
  <testcase name="clickToLibraryButton" time="4.472" classname="com.qa.ispeakbetter.tests.LoginPageTest"/>
  <testcase name="doLogin" time="7.748" classname="com.qa.ispeakbetter.tests.HomePageTest"/>
  <testcase name="goToLoginPage" time="1.075" classname="com.qa.ispeakbetter.tests.LibraryPageTest"/>
  <testcase name="fillOutProgram" time="19.227" classname="com.qa.ispeakbetter.tests.HomePageTest"/>
  <testcase name="verifyTitle" time="0.0" classname="com.qa.ispeakbetter.tests.LoginPageTest">
    <ignored/>
  </testcase> <!-- verifyTitle -->
  <testcase name="HeaderLinks" time="0.0" classname="com.qa.ispeakbetter.tests.LibraryPageTest">
    <ignored/>
  </testcase> <!-- HeaderLinks -->
  <testcase name="verifyUrl" time="0.0" classname="com.qa.ispeakbetter.tests.HomePageTest">
    <ignored/>
  </testcase> <!-- verifyUrl -->
  <testcase name="verifyHomePageTitle" time="0.0" classname="com.qa.ispeakbetter.tests.HomePageTest">
    <ignored/>
  </testcase> <!-- verifyHomePageTitle -->
  <testcase name="verifyRedeemButtonEnabled" time="0.0" classname="com.qa.ispeakbetter.tests.LoginPageTest">
    <ignored/>
  </testcase> <!-- verifyRedeemButtonEnabled -->
  <testcase name="chatWithRobot" time="0.0" classname="com.qa.ispeakbetter.tests.LibraryPageTest">
    <ignored/>
  </testcase> <!-- chatWithRobot -->
</testsuite> <!-- Ispeak Sanity Test -->
