<?xml version="1.0" encoding="UTF-8"?>
<!-- Generated by org.testng.reporters.JUnitXMLReporter -->
<testsuite hostname="MacBook-Pro.local" ignored="0" name="ISpeak Regression Test" tests="10" failures="0" timestamp="13 Oct 2020 23:17:19 GMT" time="115.54" errors="0">
  <testcase name="clickToLibraryButton" time="4.212" classname="com.qa.ispeakbetter.tests.LoginPageTest"/>
  <testcase name="verifyRedeemButtonEnabled" time="2.491" classname="com.qa.ispeakbetter.tests.LoginPageTest"/>
  <testcase name="verifyTitle" time="0.004" classname="com.qa.ispeakbetter.tests.LoginPageTest"/>
  <testcase name="HeaderLinks" time="0.055" classname="com.qa.ispeakbetter.tests.LibraryPageTest"/>
  <testcase name="verifyHomePageTitle" time="0.016" classname="com.qa.ispeakbetter.tests.HomePageTest"/>
  <testcase name="chatWithRobot" time="1.96" classname="com.qa.ispeakbetter.tests.LibraryPageTest"/>
  <testcase name="verifyUrl" time="0.004" classname="com.qa.ispeakbetter.tests.HomePageTest"/>
  <testcase name="goToLoginPage" time="1.049" classname="com.qa.ispeakbetter.tests.LibraryPageTest"/>
  <testcase name="doLogin" time="6.629" classname="com.qa.ispeakbetter.tests.HomePageTest"/>
  <testcase name="fillOutProgram" time="18.356" classname="com.qa.ispeakbetter.tests.HomePageTest"/>
</testsuite> <!-- ISpeak Regression Test -->
